# JRE version: Java(TM) SE Runtime Environment (8.0_60-b18) (build 1.8.0_60-ea-b18)
# Java VM: Java HotSpot(TM) 64-Bit Server VM (25.60-b18 mixed mode bsd-amd64 compressed oops)
Heap:
 PSYoungGen      total 71680K, used 44138K [0x0000000795580000, 0x000000079e180000, 0x00000007c0000000)
  eden space 66560K, 66% used [0x0000000795580000,0x000000079809aaa8,0x0000000799680000)
  from space 5120K, 0% used [0x0000000799680000,0x0000000799680000,0x0000000799b80000)
  to   space 5120K, 0% used [0x000000079dc80000,0x000000079dc80000,0x000000079e180000)
 ParOldGen       total 66048K, used 9726K [0x0000000740000000, 0x0000000744080000, 0x0000000795580000)
  object space 66048K, 14% used [0x0000000740000000,0x000000074097f808,0x0000000744080000)
 Metaspace       used 24463K, capacity 24668K, committed 25088K, reserved 1071104K
  class space    used 3179K, capacity 3252K, committed 3328K, reserved 1048576K
GC Heap History (8 events):
Event: 0.484 GC heap before
{Heap before GC invocations=1 (full 0):
 PSYoungGen      total 38400K, used 33280K [0x0000000795580000, 0x0000000798000000, 0x00000007c0000000)
  eden space 33280K, 100% used [0x0000000795580000,0x0000000797600000,0x0000000797600000)
  from space 5120K, 0% used [0x0000000797b00000,0x0000000797b00000,0x0000000798000000)
  to   space 5120K, 0% used [0x0000000797600000,0x0000000797600000,0x0000000797b00000)
 ParOldGen       total 87552K, used 0K [0x0000000740000000, 0x0000000745580000, 0x0000000795580000)
  object space 87552K, 0% used [0x0000000740000000,0x0000000740000000,0x0000000745580000)
 Metaspace       used 12202K, capacity 12266K, committed 12672K, reserved 1060864K
  class space    used 1502K, capacity 1553K, committed 1664K, reserved 1048576K
Event: 0.491 GC heap after
Heap after GC invocations=1 (full 0):
 PSYoungGen      total 38400K, used 5117K [0x0000000795580000, 0x000000079a080000, 0x00000007c0000000)
  eden space 33280K, 0% used [0x0000000795580000,0x0000000795580000,0x0000000797600000)
  from space 5120K, 99% used [0x0000000797600000,0x0000000797aff6d0,0x0000000797b00000)
  to   space 5120K, 0% used [0x0000000799b80000,0x0000000799b80000,0x000000079a080000)
 ParOldGen       total 87552K, used 2490K [0x0000000740000000, 0x0000000745580000, 0x0000000795580000)
  object space 87552K, 2% used [0x0000000740000000,0x000000074026eb80,0x0000000745580000)
 Metaspace       used 12202K, capacity 12266K, committed 12672K, reserved 1060864K
  class space    used 1502K, capacity 1553K, committed 1664K, reserved 1048576K
}
Event: 0.884 GC heap before
{Heap before GC invocations=2 (full 0):
 PSYoungGen      total 38400K, used 38397K [0x0000000795580000, 0x000000079a080000, 0x00000007c0000000)
  eden space 33280K, 100% used [0x0000000795580000,0x0000000797600000,0x0000000797600000)
  from space 5120K, 99% used [0x0000000797600000,0x0000000797aff6d0,0x0000000797b00000)
  to   space 5120K, 0% used [0x0000000799b80000,0x0000000799b80000,0x000000079a080000)
 ParOldGen       total 87552K, used 2490K [0x0000000740000000, 0x0000000745580000, 0x0000000795580000)
  object space 87552K, 2% used [0x0000000740000000,0x000000074026eb80,0x0000000745580000)
 Metaspace       used 16435K, capacity 16604K, committed 16768K, reserved 1064960K
  class space    used 2059K, capacity 2084K, committed 2176K, reserved 1048576K
Event: 0.891 GC heap after
Heap after GC invocations=2 (full 0):
 PSYoungGen      total 71680K, used 5095K [0x0000000795580000, 0x000000079a080000, 0x00000007c0000000)
  eden space 66560K, 0% used [0x0000000795580000,0x0000000795580000,0x0000000799680000)
  from space 5120K, 99% used [0x0000000799b80000,0x000000079a079c10,0x000000079a080000)
  to   space 5120K, 0% used [0x0000000799680000,0x0000000799680000,0x0000000799b80000)
 ParOldGen       total 87552K, used 5111K [0x0000000740000000, 0x0000000745580000, 0x0000000795580000)
  object space 87552K, 5% used [0x0000000740000000,0x00000007404fdec8,0x0000000745580000)
 Metaspace       used 16435K, capacity 16604K, committed 16768K, reserved 1064960K
  class space    used 2059K, capacity 2084K, committed 2176K, reserved 1048576K
}
Event: 1.187 GC heap before
{Heap before GC invocations=3 (full 0):
 PSYoungGen      total 71680K, used 34932K [0x0000000795580000, 0x000000079a080000, 0x00000007c0000000)
  eden space 66560K, 44% used [0x0000000795580000,0x00000007972a3510,0x0000000799680000)
  from space 5120K, 99% used [0x0000000799b80000,0x000000079a079c10,0x000000079a080000)
  to   space 5120K, 0% used [0x0000000799680000,0x0000000799680000,0x0000000799b80000)
 ParOldGen       total 87552K, used 5111K [0x0000000740000000, 0x0000000745580000, 0x0000000795580000)
  object space 87552K, 5% used [0x0000000740000000,0x00000007404fdec8,0x0000000745580000)
 Metaspace       used 20881K, capacity 21064K, committed 21248K, reserved 1067008K
  class space    used 2693K, capacity 2758K, committed 2816K, reserved 1048576K
Event: 1.196 GC heap after
Heap after GC invocations=3 (full 0):
 PSYoungGen      total 71680K, used 5088K [0x0000000795580000, 0x000000079e180000, 0x00000007c0000000)
  eden space 66560K, 0% used [0x0000000795580000,0x0000000795580000,0x0000000799680000)
  from space 5120K, 99% used [0x0000000799680000,0x0000000799b78020,0x0000000799b80000)
  to   space 5120K, 0% used [0x000000079dc80000,0x000000079dc80000,0x000000079e180000)
 ParOldGen       total 87552K, used 9972K [0x0000000740000000, 0x0000000745580000, 0x0000000795580000)
  object space 87552K, 11% used [0x0000000740000000,0x00000007409bd128,0x0000000745580000)
 Metaspace       used 20881K, capacity 21064K, committed 21248K, reserved 1067008K
  class space    used 2693K, capacity 2758K, committed 2816K, reserved 1048576K
}
Event: 1.196 GC heap before
{Heap before GC invocations=4 (full 1):
 PSYoungGen      total 71680K, used 5088K [0x0000000795580000, 0x000000079e180000, 0x00000007c0000000)
  eden space 66560K, 0% used [0x0000000795580000,0x0000000795580000,0x0000000799680000)
  from space 5120K, 99% used [0x0000000799680000,0x0000000799b78020,0x0000000799b80000)
  to   space 5120K, 0% used [0x000000079dc80000,0x000000079dc80000,0x000000079e180000)
 ParOldGen       total 87552K, used 9972K [0x0000000740000000, 0x0000000745580000, 0x0000000795580000)
  object space 87552K, 11% used [0x0000000740000000,0x00000007409bd128,0x0000000745580000)
 Metaspace       used 20881K, capacity 21064K, committed 21248K, reserved 1067008K
  class space    used 2693K, capacity 2758K, committed 2816K, reserved 1048576K
Event: 1.222 GC heap after
Heap after GC invocations=4 (full 1):
 PSYoungGen      total 71680K, used 0K [0x0000000795580000, 0x000000079e180000, 0x00000007c0000000)
  eden space 66560K, 0% used [0x0000000795580000,0x0000000795580000,0x0000000799680000)
  from space 5120K, 0% used [0x0000000799680000,0x0000000799680000,0x0000000799b80000)
  to   space 5120K, 0% used [0x000000079dc80000,0x000000079dc80000,0x000000079e180000)
 ParOldGen       total 66048K, used 9726K [0x0000000740000000, 0x0000000744080000, 0x0000000795580000)
  object space 66048K, 14% used [0x0000000740000000,0x000000074097f808,0x0000000744080000)
 Metaspace       used 20881K, capacity 21064K, committed 21248K, reserved 1067008K
  class space    used 2693K, capacity 2758K, committed 2816K, reserved 1048576K
}

