# JRE version: Java(TM) SE Runtime Environment (8.0_60-b18) (build 1.8.0_60-ea-b18)
# Java VM: Java HotSpot(TM) 64-Bit Server VM (25.60-b18 mixed mode bsd-amd64 compressed oops)
Heap:
 PSYoungGen      total 71680K, used 37759K [0x0000000795580000, 0x000000079e180000, 0x00000007c0000000)
  eden space 66560K, 56% used [0x0000000795580000,0x0000000797a5ff68,0x0000000799680000)
  from space 5120K, 0% used [0x0000000799680000,0x0000000799680000,0x0000000799b80000)
  to   space 5120K, 0% used [0x000000079dc80000,0x000000079dc80000,0x000000079e180000)
 ParOldGen       total 66560K, used 9747K [0x0000000740000000, 0x0000000744100000, 0x0000000795580000)
  object space 66560K, 14% used [0x0000000740000000,0x0000000740984ee8,0x0000000744100000)
 Metaspace       used 24471K, capacity 24664K, committed 25088K, reserved 1071104K
  class space    used 3177K, capacity 3252K, committed 3328K, reserved 1048576K
GC Heap History (8 events):
Event: 0.480 GC heap before
{Heap before GC invocations=1 (full 0):
 PSYoungGen      total 38400K, used 33280K [0x0000000795580000, 0x0000000798000000, 0x00000007c0000000)
  eden space 33280K, 100% used [0x0000000795580000,0x0000000797600000,0x0000000797600000)
  from space 5120K, 0% used [0x0000000797b00000,0x0000000797b00000,0x0000000798000000)
  to   space 5120K, 0% used [0x0000000797600000,0x0000000797600000,0x0000000797b00000)
 ParOldGen       total 87552K, used 0K [0x0000000740000000, 0x0000000745580000, 0x0000000795580000)
  object space 87552K, 0% used [0x0000000740000000,0x0000000740000000,0x0000000745580000)
 Metaspace       used 12169K, capacity 12294K, committed 12544K, reserved 1060864K
  class space    used 1492K, capacity 1521K, committed 1536K, reserved 1048576K
Event: 0.486 GC heap after
Heap after GC invocations=1 (full 0):
 PSYoungGen      total 38400K, used 5097K [0x0000000795580000, 0x000000079a080000, 0x00000007c0000000)
  eden space 33280K, 0% used [0x0000000795580000,0x0000000795580000,0x0000000797600000)
  from space 5120K, 99% used [0x0000000797600000,0x0000000797afa7c0,0x0000000797b00000)
  to   space 5120K, 0% used [0x0000000799b80000,0x0000000799b80000,0x000000079a080000)
 ParOldGen       total 87552K, used 2412K [0x0000000740000000, 0x0000000745580000, 0x0000000795580000)
  object space 87552K, 2% used [0x0000000740000000,0x000000074025b0e8,0x0000000745580000)
 Metaspace       used 12169K, capacity 12294K, committed 12544K, reserved 1060864K
  class space    used 1492K, capacity 1521K, committed 1536K, reserved 1048576K
}
Event: 0.858 GC heap before
{Heap before GC invocations=2 (full 0):
 PSYoungGen      total 38400K, used 38377K [0x0000000795580000, 0x000000079a080000, 0x00000007c0000000)
  eden space 33280K, 100% used [0x0000000795580000,0x0000000797600000,0x0000000797600000)
  from space 5120K, 99% used [0x0000000797600000,0x0000000797afa7c0,0x0000000797b00000)
  to   space 5120K, 0% used [0x0000000799b80000,0x0000000799b80000,0x000000079a080000)
 ParOldGen       total 87552K, used 2412K [0x0000000740000000, 0x0000000745580000, 0x0000000795580000)
  object space 87552K, 2% used [0x0000000740000000,0x000000074025b0e8,0x0000000745580000)
 Metaspace       used 16407K, capacity 16600K, committed 16768K, reserved 1064960K
  class space    used 2052K, capacity 2084K, committed 2176K, reserved 1048576K
Event: 0.867 GC heap after
Heap after GC invocations=2 (full 0):
 PSYoungGen      total 71680K, used 5108K [0x0000000795580000, 0x000000079a080000, 0x00000007c0000000)
  eden space 66560K, 0% used [0x0000000795580000,0x0000000795580000,0x0000000799680000)
  from space 5120K, 99% used [0x0000000799b80000,0x000000079a07d260,0x000000079a080000)
  to   space 5120K, 0% used [0x0000000799680000,0x0000000799680000,0x0000000799b80000)
 ParOldGen       total 87552K, used 5047K [0x0000000740000000, 0x0000000745580000, 0x0000000795580000)
  object space 87552K, 5% used [0x0000000740000000,0x00000007404ede30,0x0000000745580000)
 Metaspace       used 16407K, capacity 16600K, committed 16768K, reserved 1064960K
  class space    used 2052K, capacity 2084K, committed 2176K, reserved 1048576K
}
Event: 1.167 GC heap before
{Heap before GC invocations=3 (full 0):
 PSYoungGen      total 71680K, used 34594K [0x0000000795580000, 0x000000079a080000, 0x00000007c0000000)
  eden space 66560K, 44% used [0x0000000795580000,0x000000079724b5f0,0x0000000799680000)
  from space 5120K, 99% used [0x0000000799b80000,0x000000079a07d260,0x000000079a080000)
  to   space 5120K, 0% used [0x0000000799680000,0x0000000799680000,0x0000000799b80000)
 ParOldGen       total 87552K, used 5047K [0x0000000740000000, 0x0000000745580000, 0x0000000795580000)
  object space 87552K, 5% used [0x0000000740000000,0x00000007404ede30,0x0000000745580000)
 Metaspace       used 20898K, capacity 21060K, committed 21248K, reserved 1067008K
  class space    used 2693K, capacity 2758K, committed 2816K, reserved 1048576K
Event: 1.175 GC heap after
Heap after GC invocations=3 (full 0):
 PSYoungGen      total 71680K, used 5108K [0x0000000795580000, 0x000000079e180000, 0x00000007c0000000)
  eden space 66560K, 0% used [0x0000000795580000,0x0000000795580000,0x0000000799680000)
  from space 5120K, 99% used [0x0000000799680000,0x0000000799b7d010,0x0000000799b80000)
  to   space 5120K, 0% used [0x000000079dc80000,0x000000079dc80000,0x000000079e180000)
 ParOldGen       total 87552K, used 9886K [0x0000000740000000, 0x0000000745580000, 0x0000000795580000)
  object space 87552K, 11% used [0x0000000740000000,0x00000007409a7b90,0x0000000745580000)
 Metaspace       used 20898K, capacity 21060K, committed 21248K, reserved 1067008K
  class space    used 2693K, capacity 2758K, committed 2816K, reserved 1048576K
}
Event: 1.175 GC heap before
{Heap before GC invocations=4 (full 1):
 PSYoungGen      total 71680K, used 5108K [0x0000000795580000, 0x000000079e180000, 0x00000007c0000000)
  eden space 66560K, 0% used [0x0000000795580000,0x0000000795580000,0x0000000799680000)
  from space 5120K, 99% used [0x0000000799680000,0x0000000799b7d010,0x0000000799b80000)
  to   space 5120K, 0% used [0x000000079dc80000,0x000000079dc80000,0x000000079e180000)
 ParOldGen       total 87552K, used 9886K [0x0000000740000000, 0x0000000745580000, 0x0000000795580000)
  object space 87552K, 11% used [0x0000000740000000,0x00000007409a7b90,0x0000000745580000)
 Metaspace       used 20898K, capacity 21060K, committed 21248K, reserved 1067008K
  class space    used 2693K, capacity 2758K, committed 2816K, reserved 1048576K
Event: 1.203 GC heap after
Heap after GC invocations=4 (full 1):
 PSYoungGen      total 71680K, used 0K [0x0000000795580000, 0x000000079e180000, 0x00000007c0000000)
  eden space 66560K, 0% used [0x0000000795580000,0x0000000795580000,0x0000000799680000)
  from space 5120K, 0% used [0x0000000799680000,0x0000000799680000,0x0000000799b80000)
  to   space 5120K, 0% used [0x000000079dc80000,0x000000079dc80000,0x000000079e180000)
 ParOldGen       total 66560K, used 9747K [0x0000000740000000, 0x0000000744100000, 0x0000000795580000)
  object space 66560K, 14% used [0x0000000740000000,0x0000000740984ee8,0x0000000744100000)
 Metaspace       used 20898K, capacity 21060K, committed 21248K, reserved 1067008K
  class space    used 2693K, capacity 2758K, committed 2816K, reserved 1048576K
}

